[2017-05-26 12:22:23,470 INFO] - org.eclipse.om2m.datamapping.jaxb.Activator 
Starting Data Mapper
[2017-05-26 12:22:23,473 INFO] - org.eclipse.om2m.datamapping.jaxb.Activator 
Registering XML Mapper Service..
[2017-05-26 12:22:25,034 INFO] - org.eclipse.om2m.datamapping.jaxb.Activator 
XML Mapper service registered.
[2017-05-26 12:22:25,034 INFO] - org.eclipse.om2m.datamapping.jaxb.Activator 
Registering JSON Mapper Service..
[2017-05-26 12:22:25,709 INFO] - org.eclipse.om2m.datamapping.jaxb.Activator 
JSON Mapper service registered.
[2017-05-26 12:22:25,717 INFO] - org.eclipse.om2m.binding.coap.Activator 
Register CoAP RestClientService..
[2017-05-26 12:22:25,719 INFO] - org.eclipse.om2m.binding.coap.Activator 
Starting CoAP server
[2017-05-26 12:22:25,794 INFO] - org.eclipse.om2m.binding.coap.Activator 
CseService opened
[2017-05-26 12:22:25,799 INFO] - org.eclipse.om2m.binding.http.Activator 
Register HTTP RestClientService..
[2017-05-26 12:22:25,823 INFO] - org.eclipse.om2m.binding.http.Activator 
HTTP RestClientService is registered.
[2017-05-26 12:22:25,828 INFO] - org.eclipse.om2m.binding.http.Activator 
HttpService discovered
[2017-05-26 12:22:25,830 INFO] - org.eclipse.om2m.binding.http.Activator 
Register / context
[2017-05-26 12:22:25,837 INFO] - org.eclipse.om2m.persistence.eclipselink.Activator 
Starting Persistence JPA plugin...
[2017-05-26 12:22:25,840 INFO] - org.eclipse.om2m.persistence.eclipselink.internal.DBServiceJPAImpl 
Initializing Database...
[2017-05-26 12:22:25,841 INFO] - org.eclipse.om2m.persistence.eclipselink.internal.DBServiceJPAImpl 
Creating new EntityManagerFactory...
[2017-05-26 12:22:25,995 INFO] - org.eclipse.om2m.core.Activator 
Starting CSE...
[2017-05-26 12:22:25,995 INFO] - org.eclipse.om2m.core.Activator 
Added Data Mapper Service: application/xml
[2017-05-26 12:22:25,996 INFO] - org.eclipse.om2m.core.Activator 
Added Data Mapper Service: application/json
[2017-05-26 12:22:25,998 INFO] - org.eclipse.om2m.core.Activator 
Rest client service discovered. Protocol: coap
[2017-05-26 12:22:25,998 INFO] - org.eclipse.om2m.core.Activator 
Rest client service discovered. Protocol: http
[2017-05-26 12:22:26,000 INFO] - org.eclipse.om2m.webapp.resourcesbrowser.xml.Activator 
HttpService discovered
[2017-05-26 12:22:26,001 INFO] - org.eclipse.om2m.webapp.resourcesbrowser.xml.Activator 
Register /webpage http context
[2017-05-26 12:22:28,713 INFO] - org.eclipse.om2m.persistence.eclipselink.internal.DBServiceJPAImpl 
DataBase initialized.
[2017-05-26 12:22:28,762 INFO] - org.eclipse.om2m.persistence.eclipselink.Activator 
Registering Database (JPA-EL) Service
[2017-05-26 12:22:28,763 INFO] - org.eclipse.om2m.core.Activator 
DataBase persistence service discovered
[2017-05-26 12:22:28,765 INFO] - org.eclipse.om2m.core.thread.CoreExecutor 
Creating thread pool with corePoolSize=5 & maximumSize=50
[2017-05-26 12:22:28,784 INFO] - org.eclipse.om2m.core.CSEInitializer 
Initializating the cseBase
[2017-05-26 12:22:28,811 INFO] - org.eclipse.om2m.core.CSEInitializer 
Create AccessControlPolicy resource
[2017-05-26 12:22:28,918 INFO] - org.eclipse.om2m.core.CSEInitializer 
Create CSEBase resource
[2017-05-26 12:22:28,997 INFO] - org.eclipse.om2m.core.CSEInitializer 
Register CSE to another CSE.
[2017-05-26 12:22:29,000 INFO] - org.eclipse.om2m.core.Activator 
Registering CseService...
[2017-05-26 12:22:29,013 INFO] - org.eclipse.om2m.binding.http.Activator 
CseService discovered
[2017-05-26 12:22:29,013 INFO] - org.eclipse.om2m.binding.coap.Activator 
CSE Service discovered
[2017-05-26 12:22:29,013 INFO] - org.eclipse.om2m.core.Activator 
CSE Started
[2017-05-26 12:22:29,050 INFO] - org.eclipse.om2m.core.comm.RestClient 
the requestIndication RC: RequestPrimitive [operation=1,
 to=http://127.0.0.1:8080/~/DiViProject-in-cse,
 from=admin:admin,
 requestIdentifier=001,
 resourceType=16,
 content=<?xml version="1.0" encoding="UTF-8"?>
<m2m:csr xmlns:m2m="http://www.onem2m.org/xml/protocols" rn="DiViProject-mn-cse">
   <poa>http://127.0.0.1:8282/</poa>
   <cb>//om2m.org/DiViProject-mn-cse</cb>
   <csi>/DiViProject-mn-cse</csi>
   <rr>true</rr>
</m2m:csr>
,
 requestContentType=application/xml,
 ]
[2017-05-26 12:22:29,051 INFO] - org.eclipse.om2m.binding.http.RestHttpClient 
Sending request: RequestPrimitive [operation=1,
 to=http://127.0.0.1:8080/~/DiViProject-in-cse,
 from=admin:admin,
 requestIdentifier=001,
 resourceType=16,
 content=<?xml version="1.0" encoding="UTF-8"?>
<m2m:csr xmlns:m2m="http://www.onem2m.org/xml/protocols" rn="DiViProject-mn-cse">
   <poa>http://127.0.0.1:8282/</poa>
   <cb>//om2m.org/DiViProject-mn-cse</cb>
   <csi>/DiViProject-mn-cse</csi>
   <rr>true</rr>
</m2m:csr>
,
 requestContentType=application/xml,
 ]
[2017-05-26 12:22:29,273 INFO] - org.eclipse.om2m.binding.http.RestHttpClient 
Request to be send: POST http://127.0.0.1:8080/~/DiViProject-in-cse HTTP/1.1
[2017-05-26 12:22:29,273 INFO] - org.eclipse.om2m.binding.http.RestHttpClient 
Headers:
Accept: 
X-M2M-RI: 001
X-M2M-Origin: admin:admin
Content-Type: application/xml;ty=16

[2017-05-26 12:22:29,467 INFO] - org.eclipse.om2m.binding.http.RestHttpClient 
Http Client response: ResponsePrimitive [responseStatusCode=2001,
 requestIdentifier=001,
 content=<?xml version="1.0" encoding="UTF-8"?>
<m2m:csr xmlns:m2m="http://www.onem2m.org/xml/protocols" rn="DiViProject-mn-cse">
   <ty>16</ty>
   <ri>/DiViProject-in-cse/csr-541535106</ri>
   <pi>/DiViProject-in-cse</pi>
   <ct>20170526T122229</ct>
   <lt>20170526T122229</lt>
   <acpi>/DiViProject-in-cse/acp-318474796</acpi>
   <poa>http://127.0.0.1:8282/</poa>
   <cb>//om2m.org/DiViProject-mn-cse</cb>
   <csi>/DiViProject-mn-cse</csi>
   <rr>true</rr>
</m2m:csr>

,
 to=admin:admin,
 from=/DiViProject-mn-cse,
 location=/DiViProject-in-cse/csr-541535106,
 contentType=application/xml;charset=ISO-8859-1,
]
[2017-05-26 12:22:29,468 INFO] - org.eclipse.om2m.core.comm.RestClient 
ResponsePrimitive [responseStatusCode=2001,
 requestIdentifier=001,
 content=<?xml version="1.0" encoding="UTF-8"?>
<m2m:csr xmlns:m2m="http://www.onem2m.org/xml/protocols" rn="DiViProject-mn-cse">
   <ty>16</ty>
   <ri>/DiViProject-in-cse/csr-541535106</ri>
   <pi>/DiViProject-in-cse</pi>
   <ct>20170526T122229</ct>
   <lt>20170526T122229</lt>
   <acpi>/DiViProject-in-cse/acp-318474796</acpi>
   <poa>http://127.0.0.1:8282/</poa>
   <cb>//om2m.org/DiViProject-mn-cse</cb>
   <csi>/DiViProject-mn-cse</csi>
   <rr>true</rr>
</m2m:csr>

,
 to=admin:admin,
 from=/DiViProject-mn-cse,
 location=/DiViProject-in-cse/csr-541535106,
 contentType=application/xml;charset=ISO-8859-1,
]
[2017-05-26 12:22:29,468 INFO] - org.eclipse.om2m.core.CSEInitializer 
response after registration: ResponsePrimitive [responseStatusCode=2001,
 requestIdentifier=001,
 content=<?xml version="1.0" encoding="UTF-8"?>
<m2m:csr xmlns:m2m="http://www.onem2m.org/xml/protocols" rn="DiViProject-mn-cse">
   <ty>16</ty>
   <ri>/DiViProject-in-cse/csr-541535106</ri>
   <pi>/DiViProject-in-cse</pi>
   <ct>20170526T122229</ct>
   <lt>20170526T122229</lt>
   <acpi>/DiViProject-in-cse/acp-318474796</acpi>
   <poa>http://127.0.0.1:8282/</poa>
   <cb>//om2m.org/DiViProject-mn-cse</cb>
   <csi>/DiViProject-mn-cse</csi>
   <rr>true</rr>
</m2m:csr>

,
 to=admin:admin,
 from=/DiViProject-mn-cse,
 location=/DiViProject-in-cse/csr-541535106,
 contentType=application/xml;charset=ISO-8859-1,
]
[2017-05-26 12:22:29,470 INFO] - org.eclipse.om2m.core.CSEInitializer 
Successfully registered to DiViProject-in-cse
